<?xml version="1.0" encoding="UTF-8"?>
<!-- Generated by org.testng.reporters.JUnitReportReporter -->
<testsuite skipped="0" hostname="Avinash-SFIN516" name="com.qa.Test.AddCart" tests="1" failures="0" timestamp="2022-07-18T21:48:18 IST" time="6.854" errors="0">
  <testcase name="browserLaunch" time="6.854" classname="com.qa.Test.AddCart"/>
  <system-out/>
</testsuite> <!-- com.qa.Test.AddCart -->
