<?xml version="1.0" encoding="UTF-8"?>
<!-- Generated by org.testng.reporters.JUnitReportReporter -->
<testsuite skipped="0" hostname="Avinash-SFIN516" name="com.qa.Test.PrimeTest" tests="1" failures="0" timestamp="21 Jul 2022 16:07:02 GMT" time="19.593" errors="0">
  <testcase name="joined" time="19.593" classname="com.qa.Test.PrimeTest"/>
</testsuite> <!-- com.qa.Test.PrimeTest -->
