<?xml version="1.0" encoding="UTF-8"?>
<!-- Generated by org.testng.reporters.JUnitReportReporter -->
<testsuite skipped="0" hostname="Avinash-SFIN516" name="com.qa.Test.AddCartTest2" tests="1" failures="0" timestamp="21 Jul 2022 15:39:00 GMT" time="31.519" errors="0">
  <testcase name="added" time="31.519" classname="com.qa.Test.AddCartTest2"/>
</testsuite> <!-- com.qa.Test.AddCartTest2 -->
