<?xml version="1.0" encoding="UTF-8"?>
<!-- Generated by org.testng.reporters.JUnitReportReporter -->
<testsuite skipped="0" hostname="Avinash-SFIN516" name="com.qa.Test.TitleTest" tests="1" failures="0" timestamp="22 Jul 2022 03:47:43 GMT" time="5.948" errors="0">
  <testcase name="TitleTest1" time="5.948" classname="com.qa.Test.TitleTest"/>
</testsuite> <!-- com.qa.Test.TitleTest -->
