<?xml version="1.0" encoding="UTF-8"?>
<!-- Generated by org.testng.reporters.JUnitReportReporter -->
<testsuite skipped="0" hostname="Avinash-SFIN516" name="TestCases.LoginTest" tests="1" failures="0" timestamp="09 Aug 2022 06:03:09 GMT" time="26.828" errors="0">
  <testcase name="added" time="26.828" classname="TestCases.LoginTest"/>
</testsuite> <!-- TestCases.LoginTest -->
