<?xml version="1.0" encoding="UTF-8"?>
<!-- Generated by org.testng.reporters.JUnitReportReporter -->
<testsuite skipped="0" hostname="Avinash-SFIN516" name="TestCases.ShippingCartTest" tests="1" failures="0" timestamp="09 Aug 2022 07:40:46 GMT" time="27.445" errors="0">
  <testcase name="added" time="27.445" classname="TestCases.ShippingCartTest"/>
</testsuite> <!-- TestCases.ShippingCartTest -->
